GPU 0: Tesla V100-SXM2-32GB (UUID: GPU-70960025-1050-8c52-3f5d-db0d0fca0636)
Allocate GPU cards : 0
🚨  [0;38;5;196mGPU mode requested. Make sure you have Cuda/CuDNN installed[0m
🎃  [0;38;5;208mActivating conda environment 'adversarial-gpu' on local platform[0m
pwd:  /hpcfs/bes/mlgpu/gang/adversarial
[38;2;74;176;245m[1mProfile[0m ⏱  Starting [1m@main[0m
[38;2;74;176;245m[1mProfile[0m ⏱  ·· Starting [1mInitialisation[0m
[38;2;74;176;245m[1mProfile[0m ⏱  ···· Starting [1m@initialise[0m
[38;2;74;176;245m[1mProfile[0m ⏱  ···· Time elapsed in [1m@initialise[0m: .............................. [1m0.0s[0m
[38;2;74;176;245m[1mProfile[0m ⏱  ···· Starting [1m@initialise_backend[0m
[38;2;74;176;245m[1mProfile[0m ⏱  ······ Starting [1m@configure_tensorflow[0m
[38;2;74;176;245m[1mProfile[0m ⏱  ······ Time elapsed in [1m@configure_tensorflow[0m: ................. [1m22.9s[0m
[38;2;74;176;245m[1mProfile[0m ⏱  ···· Time elapsed in [1m@initialise_backend[0m: ..................... [1m23.3s[0m
{'config': './configs/default_ANN_lambda1.json',
 'devices': 1,
 'folds': 3,
 'gpu': True,
 'input': './input/',
 'jobname': '',
 'mode': 'gpu',
 'optimise_adversarial': False,
 'optimise_classifier': False,
 'output': './output/',
 'patches': [],
 'tensorboard': False,
 'theano': False,
 'train': True,
 'train_adversarial': False,
 'train_classifier': False,
 'verbose': True}
{u'adversary': {u'compile': {},
                u'fit': {},
                u'model': {u'architecture': [{}],
                           u'default': {u'activation': u'relu',
                                        u'units': 64},
                           u'gmm_components': 20}},
 u'classifier': {u'compile': {u'loss': u'binary_crossentropy',
                              u'optimizer': <keras.optimizers.Adam object at 0x2b94edcff150>},
                 u'fit': {u'batch_size': 8192,
                          u'epochs': 200,
                          u'shuffle': True,
                          'verbose': 2},
                 u'model': {u'architecture': [{}, {}, {}],
                            u'default': {u'activation': u'relu',
                                         u'batchnorm': True,
                                         u'units': 64}}},
 u'combined': {u'compile': {u'loss': [u'binary_crossentropy', None],
                            u'loss_weights': [1e-07, 1.0],
                            u'optimizer': <keras.optimizers.Adam object at 0x2b94edcff190>},
               u'fit': {u'batch_size': 8192,
                        u'epochs': 200,
                        u'shuffle': True,
                        'verbose': 2},
               u'model': {u'lambda_reg': 1.0, u'lr_ratio': 1e-07},
               u'pretrain': 10}}
  TensorFlow version: 1.4.1
[38;2;74;176;245m[1mProfile[0m ⏱  ·· Time elapsed in [1mInitialisation[0m: ............................ [1m23.4s[0m
[38;2;74;176;245m[1mProfile[0m ⏱  ·· Starting [1m@load_data[0m
[38;2;74;176;245m[1mProfile[0m ⏱  ·· Time elapsed in [1m@load_data[0m: ................................ [1m20.2s[0m
[38;2;74;176;245m[1mProfile[0m ⏱  ·· Starting [1m@get_decorrelation_variables[0m
[38;2;74;176;245m[1mProfile[0m ⏱  ·· Time elapsed in [1m@get_decorrelation_variables[0m: ............... [1m0.0s[0m
[38;2;74;176;245m[1mProfile[0m ⏱  ·· Starting [1mClassifier-only fit, cross-validation[0m
[38;2;74;176;245m[1mProfile[0m ⏱  ·· Time elapsed in [1mClassifier-only fit, cross-validation[0m: ...... [1m0.0s[0m
[38;2;74;176;245m[1mProfile[0m ⏱  ·· Starting [1mClassifier-only fit, full[0m
Epoch 1/200
 - 180s - loss: 0.4550
Epoch 2/200
 - 0s - loss: 0.4131
Epoch 3/200
 - 0s - loss: 0.4084
Epoch 4/200
 - 0s - loss: 0.4068
Epoch 5/200
 - 0s - loss: 0.4049
Epoch 6/200
 - 0s - loss: 0.4027
Epoch 7/200
 - 0s - loss: 0.4013
Epoch 8/200
 - 0s - loss: 0.4018
Epoch 9/200
 - 0s - loss: 0.4003
Epoch 10/200
 - 0s - loss: 0.3989
Epoch 11/200
 - 0s - loss: 0.4007
Epoch 12/200
 - 0s - loss: 0.3990
Epoch 13/200
 - 0s - loss: 0.3974
Epoch 14/200
 - 0s - loss: 0.3982
Epoch 15/200
 - 0s - loss: 0.3972
Epoch 16/200
 - 0s - loss: 0.3963
Epoch 17/200
 - 0s - loss: 0.3957
Epoch 18/200
 - 0s - loss: 0.3954
Epoch 19/200
 - 0s - loss: 0.3958
Epoch 20/200
 - 0s - loss: 0.3954
Epoch 21/200
 - 0s - loss: 0.3950
Epoch 22/200
 - 0s - loss: 0.3939
Epoch 23/200
 - 0s - loss: 0.3943
Epoch 24/200
 - 0s - loss: 0.3931
Epoch 25/200
 - 0s - loss: 0.3929
Epoch 26/200
 - 0s - loss: 0.3931
Epoch 27/200
 - 0s - loss: 0.3930
Epoch 28/200
 - 0s - loss: 0.3920
Epoch 29/200
 - 0s - loss: 0.3921
Epoch 30/200
 - 0s - loss: 0.3924
Epoch 31/200
 - 0s - loss: 0.3914
Epoch 32/200
 - 0s - loss: 0.3914
Epoch 33/200
 - 0s - loss: 0.3906
Epoch 34/200
 - 0s - loss: 0.3907
Epoch 35/200
 - 0s - loss: 0.3905
Epoch 36/200
 - 0s - loss: 0.3893
Epoch 37/200
 - 0s - loss: 0.3888
Epoch 38/200
 - 0s - loss: 0.3888
Epoch 39/200
 - 0s - loss: 0.3889
Epoch 40/200
 - 0s - loss: 0.3882
Epoch 41/200
 - 0s - loss: 0.3888
Epoch 42/200
 - 0s - loss: 0.3874
Epoch 43/200
 - 0s - loss: 0.3876
Epoch 44/200
 - 0s - loss: 0.3877
Epoch 45/200
 - 0s - loss: 0.3870
Epoch 46/200
 - 0s - loss: 0.3868
Epoch 47/200
 - 0s - loss: 0.3862
Epoch 48/200
 - 0s - loss: 0.3861
Epoch 49/200
 - 0s - loss: 0.3857
Epoch 50/200
 - 0s - loss: 0.3860
Epoch 51/200
 - 0s - loss: 0.3870
Epoch 52/200
 - 0s - loss: 0.3853
Epoch 53/200
 - 0s - loss: 0.3847
Epoch 54/200
 - 0s - loss: 0.3839
Epoch 55/200
 - 0s - loss: 0.3840
Epoch 56/200
 - 0s - loss: 0.3836
Epoch 57/200
 - 0s - loss: 0.3838
Epoch 58/200
 - 0s - loss: 0.3837
Epoch 59/200
 - 0s - loss: 0.3834
Epoch 60/200
 - 0s - loss: 0.3835
Epoch 61/200
 - 0s - loss: 0.3829
Epoch 62/200
 - 0s - loss: 0.3831
Epoch 63/200
 - 0s - loss: 0.3835
Epoch 64/200
 - 0s - loss: 0.3825
Epoch 65/200
 - 0s - loss: 0.3824
Epoch 66/200
 - 0s - loss: 0.3818
Epoch 67/200
 - 0s - loss: 0.3809
Epoch 68/200
 - 0s - loss: 0.3807
Epoch 69/200
 - 0s - loss: 0.3804
Epoch 70/200
 - 0s - loss: 0.3802
Epoch 71/200
 - 0s - loss: 0.3804
Epoch 72/200
 - 0s - loss: 0.3811
Epoch 73/200
 - 0s - loss: 0.3799
Epoch 74/200
 - 0s - loss: 0.3794
Epoch 75/200
 - 0s - loss: 0.3787
Epoch 76/200
 - 0s - loss: 0.3788
Epoch 77/200
 - 0s - loss: 0.3787
Epoch 78/200
 - 0s - loss: 0.3782
Epoch 79/200
 - 0s - loss: 0.3781
Epoch 80/200
 - 0s - loss: 0.3776
Epoch 81/200
 - 0s - loss: 0.3774
Epoch 82/200
 - 0s - loss: 0.3769
Epoch 83/200
 - 0s - loss: 0.3767
Epoch 84/200
 - 0s - loss: 0.3764
Epoch 85/200
 - 0s - loss: 0.3772
Epoch 86/200
 - 0s - loss: 0.3765
Epoch 87/200
 - 0s - loss: 0.3760
Epoch 88/200
 - 0s - loss: 0.3761
Epoch 89/200
 - 0s - loss: 0.3765
Epoch 90/200
 - 0s - loss: 0.3756
Epoch 91/200
 - 0s - loss: 0.3754
Epoch 92/200
 - 0s - loss: 0.3751
Epoch 93/200
 - 0s - loss: 0.3750
Epoch 94/200
 - 0s - loss: 0.3750
Epoch 95/200
 - 0s - loss: 0.3750
Epoch 96/200
 - 0s - loss: 0.3741
Epoch 97/200
 - 0s - loss: 0.3738
Epoch 98/200
 - 0s - loss: 0.3737
Epoch 99/200
 - 0s - loss: 0.3739
Epoch 100/200
 - 0s - loss: 0.3733
Epoch 101/200
 - 0s - loss: 0.3734
Epoch 102/200
 - 0s - loss: 0.3733
Epoch 103/200
 - 0s - loss: 0.3731
Epoch 104/200
 - 0s - loss: 0.3734
Epoch 105/200
 - 0s - loss: 0.3726
Epoch 106/200
 - 0s - loss: 0.3720
Epoch 107/200
 - 0s - loss: 0.3723
Epoch 108/200
 - 0s - loss: 0.3727
Epoch 109/200
 - 0s - loss: 0.3728
Epoch 110/200
 - 0s - loss: 0.3724
Epoch 111/200
 - 0s - loss: 0.3718
Epoch 112/200
 - 0s - loss: 0.3718
Epoch 113/200
 - 0s - loss: 0.3715
Epoch 114/200
 - 0s - loss: 0.3707
Epoch 115/200
 - 0s - loss: 0.3710
Epoch 116/200
 - 0s - loss: 0.3709
Epoch 117/200
 - 0s - loss: 0.3706
Epoch 118/200
 - 0s - loss: 0.3711
Epoch 119/200
 - 0s - loss: 0.3708
Epoch 120/200
 - 0s - loss: 0.3701
Epoch 121/200
 - 0s - loss: 0.3701
Epoch 122/200
 - 0s - loss: 0.3697
Epoch 123/200
 - 0s - loss: 0.3697
Epoch 124/200
 - 0s - loss: 0.3694
Epoch 125/200
 - 0s - loss: 0.3697
Epoch 126/200
 - 0s - loss: 0.3694
Epoch 127/200
 - 0s - loss: 0.3693
Epoch 128/200
 - 0s - loss: 0.3690
Epoch 129/200
 - 0s - loss: 0.3692
Epoch 130/200
 - 0s - loss: 0.3696
Epoch 131/200
 - 0s - loss: 0.3684
Epoch 132/200
 - 0s - loss: 0.3689
Epoch 133/200
 - 0s - loss: 0.3688
Epoch 134/200
 - 0s - loss: 0.3680
Epoch 135/200
 - 0s - loss: 0.3682
Epoch 136/200
 - 0s - loss: 0.3682
Epoch 137/200
 - 0s - loss: 0.3683
Epoch 138/200
 - 0s - loss: 0.3679
Epoch 139/200
 - 0s - loss: 0.3681
Epoch 140/200
 - 0s - loss: 0.3679
Epoch 141/200
 - 0s - loss: 0.3677
Epoch 142/200
 - 0s - loss: 0.3676
Epoch 143/200
 - 0s - loss: 0.3669
Epoch 144/200
 - 0s - loss: 0.3671
Epoch 145/200
 - 0s - loss: 0.3668
Epoch 146/200
 - 0s - loss: 0.3668
Epoch 147/200
 - 0s - loss: 0.3665
Epoch 148/200
 - 0s - loss: 0.3663
Epoch 149/200
 - 0s - loss: 0.3669
Epoch 150/200
 - 0s - loss: 0.3669
Epoch 151/200
 - 0s - loss: 0.3679
Epoch 152/200
 - 0s - loss: 0.3660
Epoch 153/200
 - 0s - loss: 0.3663
Epoch 154/200
 - 0s - loss: 0.3656
Epoch 155/200
 - 0s - loss: 0.3661
Epoch 156/200
 - 0s - loss: 0.3656
Epoch 157/200
 - 0s - loss: 0.3653
Epoch 158/200
 - 0s - loss: 0.3655
Epoch 159/200
 - 0s - loss: 0.3659
Epoch 160/200
 - 0s - loss: 0.3652
Epoch 161/200
 - 0s - loss: 0.3648
Epoch 162/200
 - 0s - loss: 0.3649
Epoch 163/200
 - 0s - loss: 0.3650
Epoch 164/200
 - 0s - loss: 0.3657
Epoch 165/200
 - 0s - loss: 0.3653
Epoch 166/200
 - 0s - loss: 0.3646
Epoch 167/200
 - 0s - loss: 0.3648
Epoch 168/200
 - 0s - loss: 0.3645
Epoch 169/200
 - 0s - loss: 0.3642
Epoch 170/200
 - 0s - loss: 0.3643
Epoch 171/200
 - 0s - loss: 0.3644
Epoch 172/200
 - 0s - loss: 0.3645
Epoch 173/200
 - 0s - loss: 0.3644
Epoch 174/200
 - 0s - loss: 0.3636
Epoch 175/200
 - 0s - loss: 0.3635
Epoch 176/200
 - 0s - loss: 0.3638
Epoch 177/200
 - 0s - loss: 0.3636
Epoch 178/200
 - 0s - loss: 0.3634
Epoch 179/200
 - 0s - loss: 0.3637
Epoch 180/200
 - 0s - loss: 0.3639
Epoch 181/200
 - 0s - loss: 0.3635
Epoch 182/200
 - 0s - loss: 0.3635
Epoch 183/200
 - 0s - loss: 0.3635
Epoch 184/200
 - 0s - loss: 0.3633
Epoch 185/200
 - 0s - loss: 0.3627
Epoch 186/200
 - 0s - loss: 0.3629
Epoch 187/200
 - 0s - loss: 0.3627
Epoch 188/200
 - 0s - loss: 0.3627
Epoch 189/200
 - 0s - loss: 0.3630
Epoch 190/200
 - 0s - loss: 0.3626
Epoch 191/200
 - 0s - loss: 0.3625
Epoch 192/200
 - 0s - loss: 0.3623
Epoch 193/200
 - 0s - loss: 0.3630
Epoch 194/200
 - 0s - loss: 0.3624
Epoch 195/200
 - 0s - loss: 0.3626
Epoch 196/200
 - 0s - loss: 0.3630
Epoch 197/200
 - 0s - loss: 0.3626
Epoch 198/200
 - 0s - loss: 0.3625
Epoch 199/200
 - 0s - loss: 0.3619
Epoch 200/200
 - 0s - loss: 0.3620
[38;2;74;176;245m[1mProfile[0m ⏱  ·· Time elapsed in [1mClassifier-only fit, full[0m: ................ [1m266.6s[0m
[38;2;74;176;245m[1mProfile[0m ⏱  ·· Starting [1mCombined adversarial fit, cross-validation[0m
[38;2;74;176;245m[1mProfile[0m ⏱  ·· Time elapsed in [1mCombined adversarial fit, cross-validation[0m: . [1m0.0s[0m
[38;2;74;176;245m[1mProfile[0m ⏱  ·· Starting [1mCombined adversarial fit, full[0m
Epoch 1/10
 - 3s - loss: -6.4514e-01 - classifier_loss: 0.3603 - adversary_loss: -6.4514e-01
Epoch 2/10
 - 1s - loss: -8.5412e-01 - classifier_loss: 0.3602 - adversary_loss: -8.5412e-01
Epoch 3/10
 - 1s - loss: -8.7284e-01 - classifier_loss: 0.3604 - adversary_loss: -8.7284e-01
Epoch 4/10
 - 1s - loss: -9.0401e-01 - classifier_loss: 0.3605 - adversary_loss: -9.0401e-01
Epoch 5/10
 - 1s - loss: -9.1685e-01 - classifier_loss: 0.3602 - adversary_loss: -9.1685e-01
Epoch 6/10
 - 1s - loss: -9.2203e-01 - classifier_loss: 0.3603 - adversary_loss: -9.2203e-01
Epoch 7/10
 - 1s - loss: -9.4040e-01 - classifier_loss: 0.3601 - adversary_loss: -9.4040e-01
Epoch 8/10
 - 1s - loss: -9.6484e-01 - classifier_loss: 0.3599 - adversary_loss: -9.6484e-01
Epoch 9/10
 - 1s - loss: -9.7172e-01 - classifier_loss: 0.3602 - adversary_loss: -9.7172e-01
Epoch 10/10
 - 1s - loss: -9.7627e-01 - classifier_loss: 0.3602 - adversary_loss: -9.7627e-01
Epoch 1/200
 - 4s - loss: -9.0292e-01 - classifier_loss: 0.3739 - adversary_loss: -9.0292e-01
Epoch 2/200
 - 1s - loss: -8.8182e-01 - classifier_loss: 0.3754 - adversary_loss: -8.8182e-01
Epoch 3/200
 - 1s - loss: -8.5871e-01 - classifier_loss: 0.3854 - adversary_loss: -8.5871e-01
Epoch 4/200
 - 1s - loss: -8.5212e-01 - classifier_loss: 0.3880 - adversary_loss: -8.5212e-01
Epoch 5/200
 - 1s - loss: -8.4694e-01 - classifier_loss: 0.3906 - adversary_loss: -8.4694e-01
Epoch 6/200
 - 1s - loss: -8.4470e-01 - classifier_loss: 0.3927 - adversary_loss: -8.4470e-01
Epoch 7/200
 - 1s - loss: -8.4140e-01 - classifier_loss: 0.3948 - adversary_loss: -8.4140e-01
Epoch 8/200
 - 1s - loss: -8.4002e-01 - classifier_loss: 0.3947 - adversary_loss: -8.4002e-01
Epoch 9/200
 - 1s - loss: -8.4040e-01 - classifier_loss: 0.3950 - adversary_loss: -8.4040e-01
Epoch 10/200
 - 1s - loss: -8.3936e-01 - classifier_loss: 0.3956 - adversary_loss: -8.3936e-01
Epoch 11/200
 - 1s - loss: -8.3940e-01 - classifier_loss: 0.3959 - adversary_loss: -8.3940e-01
Epoch 12/200
 - 1s - loss: -8.3851e-01 - classifier_loss: 0.3954 - adversary_loss: -8.3851e-01
Epoch 13/200
 - 1s - loss: -8.3704e-01 - classifier_loss: 0.3973 - adversary_loss: -8.3704e-01
Epoch 14/200
 - 1s - loss: -8.3738e-01 - classifier_loss: 0.3960 - adversary_loss: -8.3738e-01
Epoch 15/200
 - 1s - loss: -8.3825e-01 - classifier_loss: 0.3961 - adversary_loss: -8.3825e-01
Epoch 16/200
 - 1s - loss: -8.3631e-01 - classifier_loss: 0.3977 - adversary_loss: -8.3631e-01
Epoch 17/200
 - 1s - loss: -8.3780e-01 - classifier_loss: 0.3962 - adversary_loss: -8.3780e-01
Epoch 18/200
 - 1s - loss: -8.3636e-01 - classifier_loss: 0.3969 - adversary_loss: -8.3636e-01
Epoch 19/200
 - 1s - loss: -8.3806e-01 - classifier_loss: 0.3953 - adversary_loss: -8.3806e-01
Epoch 20/200
 - 1s - loss: -8.3652e-01 - classifier_loss: 0.3970 - adversary_loss: -8.3652e-01
Epoch 21/200
 - 1s - loss: -8.3639e-01 - classifier_loss: 0.3965 - adversary_loss: -8.3639e-01
Epoch 22/200
 - 1s - loss: -8.3668e-01 - classifier_loss: 0.3961 - adversary_loss: -8.3668e-01
Epoch 23/200
 - 1s - loss: -8.3722e-01 - classifier_loss: 0.3964 - adversary_loss: -8.3722e-01
Epoch 24/200
 - 1s - loss: -8.3688e-01 - classifier_loss: 0.3961 - adversary_loss: -8.3688e-01
Epoch 25/200
 - 1s - loss: -8.3748e-01 - classifier_loss: 0.3963 - adversary_loss: -8.3748e-01
Epoch 26/200
 - 1s - loss: -8.3680e-01 - classifier_loss: 0.3968 - adversary_loss: -8.3680e-01
Epoch 27/200
 - 1s - loss: -8.3733e-01 - classifier_loss: 0.3962 - adversary_loss: -8.3733e-01
Epoch 28/200
 - 1s - loss: -8.3663e-01 - classifier_loss: 0.3964 - adversary_loss: -8.3663e-01
Epoch 29/200
 - 1s - loss: -8.3668e-01 - classifier_loss: 0.3961 - adversary_loss: -8.3668e-01
Epoch 30/200
 - 1s - loss: -8.3682e-01 - classifier_loss: 0.3962 - adversary_loss: -8.3682e-01
Epoch 31/200
 - 1s - loss: -8.3767e-01 - classifier_loss: 0.3960 - adversary_loss: -8.3767e-01
Epoch 32/200
 - 1s - loss: -8.3746e-01 - classifier_loss: 0.3959 - adversary_loss: -8.3746e-01
Epoch 33/200
 - 1s - loss: -8.3677e-01 - classifier_loss: 0.3965 - adversary_loss: -8.3677e-01
Epoch 34/200
 - 1s - loss: -8.3716e-01 - classifier_loss: 0.3962 - adversary_loss: -8.3716e-01
Epoch 35/200
 - 1s - loss: -8.3735e-01 - classifier_loss: 0.3963 - adversary_loss: -8.3735e-01
Epoch 36/200
 - 1s - loss: -8.3649e-01 - classifier_loss: 0.3963 - adversary_loss: -8.3649e-01
Epoch 37/200
 - 1s - loss: -8.3694e-01 - classifier_loss: 0.3959 - adversary_loss: -8.3694e-01
Epoch 38/200
 - 1s - loss: -8.3677e-01 - classifier_loss: 0.3958 - adversary_loss: -8.3677e-01
Epoch 39/200
 - 1s - loss: -8.3693e-01 - classifier_loss: 0.3962 - adversary_loss: -8.3693e-01
Epoch 40/200
 - 1s - loss: -8.3708e-01 - classifier_loss: 0.3959 - adversary_loss: -8.3708e-01
Epoch 41/200
 - 1s - loss: -8.3726e-01 - classifier_loss: 0.3958 - adversary_loss: -8.3726e-01
Epoch 42/200
 - 1s - loss: -8.3744e-01 - classifier_loss: 0.3960 - adversary_loss: -8.3744e-01
Epoch 43/200
 - 1s - loss: -8.3728e-01 - classifier_loss: 0.3960 - adversary_loss: -8.3728e-01
Epoch 44/200
 - 1s - loss: -8.3715e-01 - classifier_loss: 0.3960 - adversary_loss: -8.3715e-01
Epoch 45/200
 - 1s - loss: -8.3604e-01 - classifier_loss: 0.3967 - adversary_loss: -8.3604e-01
Epoch 46/200
 - 1s - loss: -8.3789e-01 - classifier_loss: 0.3954 - adversary_loss: -8.3789e-01
Epoch 47/200
 - 1s - loss: -8.3798e-01 - classifier_loss: 0.3955 - adversary_loss: -8.3798e-01
Epoch 48/200
 - 1s - loss: -8.3748e-01 - classifier_loss: 0.3959 - adversary_loss: -8.3748e-01
Epoch 49/200
 - 1s - loss: -8.3710e-01 - classifier_loss: 0.3962 - adversary_loss: -8.3710e-01
Epoch 50/200
 - 1s - loss: -8.3748e-01 - classifier_loss: 0.3962 - adversary_loss: -8.3748e-01
Epoch 51/200
 - 1s - loss: -8.3804e-01 - classifier_loss: 0.3956 - adversary_loss: -8.3804e-01
Epoch 52/200
 - 1s - loss: -8.3746e-01 - classifier_loss: 0.3961 - adversary_loss: -8.3746e-01
Epoch 53/200
 - 1s - loss: -8.3784e-01 - classifier_loss: 0.3958 - adversary_loss: -8.3784e-01
Epoch 54/200
 - 1s - loss: -8.3751e-01 - classifier_loss: 0.3959 - adversary_loss: -8.3751e-01
Epoch 55/200
 - 1s - loss: -8.3767e-01 - classifier_loss: 0.3962 - adversary_loss: -8.3767e-01
Epoch 56/200
 - 1s - loss: -8.3795e-01 - classifier_loss: 0.3959 - adversary_loss: -8.3795e-01
Epoch 57/200
 - 1s - loss: -8.3752e-01 - classifier_loss: 0.3964 - adversary_loss: -8.3752e-01
Epoch 58/200
 - 1s - loss: -8.3811e-01 - classifier_loss: 0.3962 - adversary_loss: -8.3811e-01
Epoch 59/200
 - 1s - loss: -8.3771e-01 - classifier_loss: 0.3959 - adversary_loss: -8.3771e-01
Epoch 60/200
 - 1s - loss: -8.3763e-01 - classifier_loss: 0.3963 - adversary_loss: -8.3763e-01
Epoch 61/200
 - 1s - loss: -8.3772e-01 - classifier_loss: 0.3959 - adversary_loss: -8.3772e-01
Epoch 62/200
 - 1s - loss: -8.3768e-01 - classifier_loss: 0.3961 - adversary_loss: -8.3768e-01
Epoch 63/200
 - 1s - loss: -8.3706e-01 - classifier_loss: 0.3959 - adversary_loss: -8.3706e-01
Epoch 64/200
 - 1s - loss: -8.3776e-01 - classifier_loss: 0.3957 - adversary_loss: -8.3776e-01
Epoch 65/200
 - 1s - loss: -8.3811e-01 - classifier_loss: 0.3956 - adversary_loss: -8.3811e-01
Epoch 66/200
 - 1s - loss: -8.3768e-01 - classifier_loss: 0.3959 - adversary_loss: -8.3768e-01
Epoch 67/200
 - 1s - loss: -8.3802e-01 - classifier_loss: 0.3957 - adversary_loss: -8.3802e-01
Epoch 68/200
 - 1s - loss: -8.3812e-01 - classifier_loss: 0.3961 - adversary_loss: -8.3812e-01
Epoch 69/200
 - 1s - loss: -8.3727e-01 - classifier_loss: 0.3957 - adversary_loss: -8.3727e-01
Epoch 70/200
 - 1s - loss: -8.3775e-01 - classifier_loss: 0.3960 - adversary_loss: -8.3775e-01
Epoch 71/200
 - 1s - loss: -8.3791e-01 - classifier_loss: 0.3963 - adversary_loss: -8.3791e-01
Epoch 72/200
 - 1s - loss: -8.3802e-01 - classifier_loss: 0.3960 - adversary_loss: -8.3802e-01
Epoch 73/200
 - 1s - loss: -8.3815e-01 - classifier_loss: 0.3957 - adversary_loss: -8.3815e-01
Epoch 74/200
 - 1s - loss: -8.3854e-01 - classifier_loss: 0.3960 - adversary_loss: -8.3854e-01
Epoch 75/200
 - 1s - loss: -8.3817e-01 - classifier_loss: 0.3962 - adversary_loss: -8.3817e-01
Epoch 76/200
 - 1s - loss: -8.3774e-01 - classifier_loss: 0.3961 - adversary_loss: -8.3774e-01
Epoch 77/200
 - 1s - loss: -8.3777e-01 - classifier_loss: 0.3965 - adversary_loss: -8.3777e-01
Epoch 78/200
 - 1s - loss: -8.3798e-01 - classifier_loss: 0.3960 - adversary_loss: -8.3798e-01
Epoch 79/200
 - 1s - loss: -8.3797e-01 - classifier_loss: 0.3957 - adversary_loss: -8.3797e-01
Epoch 80/200
 - 1s - loss: -8.3828e-01 - classifier_loss: 0.3957 - adversary_loss: -8.3828e-01
Epoch 81/200
 - 1s - loss: -8.3823e-01 - classifier_loss: 0.3959 - adversary_loss: -8.3823e-01
Epoch 82/200
 - 1s - loss: -8.3823e-01 - classifier_loss: 0.3958 - adversary_loss: -8.3823e-01
Epoch 83/200
 - 1s - loss: -8.3833e-01 - classifier_loss: 0.3958 - adversary_loss: -8.3833e-01
Epoch 84/200
 - 1s - loss: -8.3835e-01 - classifier_loss: 0.3959 - adversary_loss: -8.3835e-01
Epoch 85/200
 - 1s - loss: -8.3802e-01 - classifier_loss: 0.3960 - adversary_loss: -8.3802e-01
Epoch 86/200
 - 1s - loss: -8.3843e-01 - classifier_loss: 0.3959 - adversary_loss: -8.3843e-01
Epoch 87/200
 - 1s - loss: -8.3833e-01 - classifier_loss: 0.3963 - adversary_loss: -8.3833e-01
Epoch 88/200
 - 1s - loss: -8.3848e-01 - classifier_loss: 0.3960 - adversary_loss: -8.3848e-01
Epoch 89/200
 - 1s - loss: -8.3868e-01 - classifier_loss: 0.3960 - adversary_loss: -8.3868e-01
Epoch 90/200
 - 1s - loss: -8.3857e-01 - classifier_loss: 0.3958 - adversary_loss: -8.3857e-01
Epoch 91/200
 - 1s - loss: -8.3848e-01 - classifier_loss: 0.3962 - adversary_loss: -8.3848e-01
Epoch 92/200
 - 1s - loss: -8.3867e-01 - classifier_loss: 0.3960 - adversary_loss: -8.3867e-01
Epoch 93/200
 - 1s - loss: -8.3822e-01 - classifier_loss: 0.3962 - adversary_loss: -8.3822e-01
Epoch 94/200
 - 1s - loss: -8.3877e-01 - classifier_loss: 0.3960 - adversary_loss: -8.3877e-01
Epoch 95/200
 - 1s - loss: -8.3839e-01 - classifier_loss: 0.3961 - adversary_loss: -8.3839e-01
Epoch 96/200
 - 1s - loss: -8.3832e-01 - classifier_loss: 0.3961 - adversary_loss: -8.3832e-01
Epoch 97/200
 - 1s - loss: -8.3851e-01 - classifier_loss: 0.3963 - adversary_loss: -8.3851e-01
Epoch 98/200
 - 1s - loss: -8.3867e-01 - classifier_loss: 0.3963 - adversary_loss: -8.3867e-01
Epoch 99/200
 - 1s - loss: -8.3806e-01 - classifier_loss: 0.3961 - adversary_loss: -8.3806e-01
Epoch 100/200
 - 1s - loss: -8.3850e-01 - classifier_loss: 0.3961 - adversary_loss: -8.3850e-01
Epoch 101/200
 - 1s - loss: -8.3864e-01 - classifier_loss: 0.3960 - adversary_loss: -8.3864e-01
Epoch 102/200
 - 1s - loss: -8.3877e-01 - classifier_loss: 0.3962 - adversary_loss: -8.3877e-01
Epoch 103/200
 - 1s - loss: -8.3877e-01 - classifier_loss: 0.3959 - adversary_loss: -8.3877e-01
Epoch 104/200
 - 1s - loss: -8.3851e-01 - classifier_loss: 0.3961 - adversary_loss: -8.3851e-01
Epoch 105/200
 - 1s - loss: -8.3842e-01 - classifier_loss: 0.3959 - adversary_loss: -8.3843e-01
Epoch 106/200
 - 1s - loss: -8.3870e-01 - classifier_loss: 0.3960 - adversary_loss: -8.3870e-01
Epoch 107/200
 - 1s - loss: -8.3866e-01 - classifier_loss: 0.3961 - adversary_loss: -8.3866e-01
Epoch 108/200
 - 1s - loss: -8.3850e-01 - classifier_loss: 0.3963 - adversary_loss: -8.3850e-01
Epoch 109/200
 - 1s - loss: -8.3889e-01 - classifier_loss: 0.3961 - adversary_loss: -8.3889e-01
Epoch 110/200
 - 1s - loss: -8.3890e-01 - classifier_loss: 0.3960 - adversary_loss: -8.3890e-01
Epoch 111/200
 - 1s - loss: -8.3858e-01 - classifier_loss: 0.3960 - adversary_loss: -8.3858e-01
Epoch 112/200
 - 1s - loss: -8.3864e-01 - classifier_loss: 0.3961 - adversary_loss: -8.3864e-01
Epoch 113/200
 - 1s - loss: -8.3861e-01 - classifier_loss: 0.3964 - adversary_loss: -8.3861e-01
Epoch 114/200
 - 1s - loss: -8.3889e-01 - classifier_loss: 0.3962 - adversary_loss: -8.3889e-01
Epoch 115/200
 - 1s - loss: -8.3867e-01 - classifier_loss: 0.3960 - adversary_loss: -8.3867e-01
Epoch 116/200
 - 1s - loss: -8.3904e-01 - classifier_loss: 0.3960 - adversary_loss: -8.3904e-01
Epoch 117/200
 - 1s - loss: -8.3836e-01 - classifier_loss: 0.3961 - adversary_loss: -8.3836e-01
Epoch 118/200
 - 1s - loss: -8.3851e-01 - classifier_loss: 0.3960 - adversary_loss: -8.3851e-01
Epoch 119/200
 - 1s - loss: -8.3871e-01 - classifier_loss: 0.3962 - adversary_loss: -8.3871e-01
Epoch 120/200
 - 1s - loss: -8.3854e-01 - classifier_loss: 0.3963 - adversary_loss: -8.3854e-01
Epoch 121/200
 - 1s - loss: -8.3886e-01 - classifier_loss: 0.3960 - adversary_loss: -8.3886e-01
Epoch 122/200
 - 1s - loss: -8.3866e-01 - classifier_loss: 0.3961 - adversary_loss: -8.3866e-01
Epoch 123/200
 - 1s - loss: -8.3854e-01 - classifier_loss: 0.3962 - adversary_loss: -8.3854e-01
Epoch 124/200
 - 1s - loss: -8.3845e-01 - classifier_loss: 0.3961 - adversary_loss: -8.3845e-01
Epoch 125/200
 - 1s - loss: -8.3893e-01 - classifier_loss: 0.3963 - adversary_loss: -8.3893e-01
Epoch 126/200
 - 1s - loss: -8.3881e-01 - classifier_loss: 0.3961 - adversary_loss: -8.3881e-01
Epoch 127/200
 - 1s - loss: -8.3829e-01 - classifier_loss: 0.3963 - adversary_loss: -8.3829e-01
Epoch 128/200
 - 1s - loss: -8.3874e-01 - classifier_loss: 0.3962 - adversary_loss: -8.3874e-01
Epoch 129/200
 - 1s - loss: -8.3885e-01 - classifier_loss: 0.3964 - adversary_loss: -8.3885e-01
Epoch 130/200
 - 1s - loss: -8.3856e-01 - classifier_loss: 0.3963 - adversary_loss: -8.3856e-01
Epoch 131/200
 - 1s - loss: -8.3860e-01 - classifier_loss: 0.3964 - adversary_loss: -8.3860e-01
Epoch 132/200
 - 1s - loss: -8.3899e-01 - classifier_loss: 0.3965 - adversary_loss: -8.3899e-01
Epoch 133/200
 - 1s - loss: -8.3858e-01 - classifier_loss: 0.3963 - adversary_loss: -8.3858e-01
Epoch 134/200
 - 1s - loss: -8.3876e-01 - classifier_loss: 0.3963 - adversary_loss: -8.3876e-01
Epoch 135/200
 - 1s - loss: -8.3897e-01 - classifier_loss: 0.3961 - adversary_loss: -8.3897e-01
Epoch 136/200
 - 1s - loss: -8.3878e-01 - classifier_loss: 0.3961 - adversary_loss: -8.3878e-01
Epoch 137/200
 - 1s - loss: -8.3853e-01 - classifier_loss: 0.3963 - adversary_loss: -8.3853e-01
Epoch 138/200
 - 1s - loss: -8.3868e-01 - classifier_loss: 0.3963 - adversary_loss: -8.3868e-01
Epoch 139/200
 - 1s - loss: -8.3873e-01 - classifier_loss: 0.3964 - adversary_loss: -8.3873e-01
Epoch 140/200
 - 1s - loss: -8.3844e-01 - classifier_loss: 0.3963 - adversary_loss: -8.3844e-01
Epoch 141/200
 - 1s - loss: -8.3887e-01 - classifier_loss: 0.3961 - adversary_loss: -8.3887e-01
Epoch 142/200
 - 1s - loss: -8.3895e-01 - classifier_loss: 0.3963 - adversary_loss: -8.3895e-01
Epoch 143/200
 - 1s - loss: -8.3861e-01 - classifier_loss: 0.3962 - adversary_loss: -8.3861e-01
Epoch 144/200
 - 1s - loss: -8.3858e-01 - classifier_loss: 0.3964 - adversary_loss: -8.3858e-01
Epoch 145/200
 - 1s - loss: -8.3881e-01 - classifier_loss: 0.3960 - adversary_loss: -8.3881e-01
Epoch 146/200
 - 1s - loss: -8.3863e-01 - classifier_loss: 0.3964 - adversary_loss: -8.3863e-01
Epoch 147/200
 - 1s - loss: -8.3878e-01 - classifier_loss: 0.3961 - adversary_loss: -8.3878e-01
Epoch 148/200
 - 1s - loss: -8.3888e-01 - classifier_loss: 0.3960 - adversary_loss: -8.3888e-01
Epoch 149/200
 - 1s - loss: -8.3881e-01 - classifier_loss: 0.3960 - adversary_loss: -8.3881e-01
Epoch 150/200
 - 1s - loss: -8.3871e-01 - classifier_loss: 0.3962 - adversary_loss: -8.3871e-01
Epoch 151/200
 - 1s - loss: -8.3863e-01 - classifier_loss: 0.3962 - adversary_loss: -8.3863e-01
Epoch 152/200
 - 1s - loss: -8.3855e-01 - classifier_loss: 0.3962 - adversary_loss: -8.3855e-01
Epoch 153/200
 - 1s - loss: -8.3887e-01 - classifier_loss: 0.3962 - adversary_loss: -8.3887e-01
Epoch 154/200
 - 1s - loss: -8.3860e-01 - classifier_loss: 0.3962 - adversary_loss: -8.3860e-01
Epoch 155/200
 - 1s - loss: -8.3886e-01 - classifier_loss: 0.3961 - adversary_loss: -8.3886e-01
Epoch 156/200
 - 1s - loss: -8.3875e-01 - classifier_loss: 0.3965 - adversary_loss: -8.3875e-01
Epoch 157/200
 - 1s - loss: -8.3869e-01 - classifier_loss: 0.3962 - adversary_loss: -8.3869e-01
Epoch 158/200
 - 1s - loss: -8.3859e-01 - classifier_loss: 0.3961 - adversary_loss: -8.3859e-01
Epoch 159/200
 - 1s - loss: -8.3880e-01 - classifier_loss: 0.3963 - adversary_loss: -8.3880e-01
Epoch 160/200
 - 1s - loss: -8.3890e-01 - classifier_loss: 0.3963 - adversary_loss: -8.3890e-01
Epoch 161/200
 - 1s - loss: -8.3855e-01 - classifier_loss: 0.3964 - adversary_loss: -8.3855e-01
Epoch 162/200
 - 1s - loss: -8.3880e-01 - classifier_loss: 0.3961 - adversary_loss: -8.3880e-01
Epoch 163/200
 - 1s - loss: -8.3877e-01 - classifier_loss: 0.3961 - adversary_loss: -8.3877e-01
Epoch 164/200
 - 1s - loss: -8.3872e-01 - classifier_loss: 0.3962 - adversary_loss: -8.3872e-01
Epoch 165/200
 - 1s - loss: -8.3863e-01 - classifier_loss: 0.3962 - adversary_loss: -8.3863e-01
Epoch 166/200
 - 1s - loss: -8.3871e-01 - classifier_loss: 0.3960 - adversary_loss: -8.3871e-01
Epoch 167/200
 - 1s - loss: -8.3871e-01 - classifier_loss: 0.3963 - adversary_loss: -8.3871e-01
Epoch 168/200
 - 1s - loss: -8.3891e-01 - classifier_loss: 0.3964 - adversary_loss: -8.3891e-01
Epoch 169/200
 - 1s - loss: -8.3924e-01 - classifier_loss: 0.3960 - adversary_loss: -8.3924e-01
Epoch 170/200
 - 1s - loss: -8.3882e-01 - classifier_loss: 0.3961 - adversary_loss: -8.3882e-01
Epoch 171/200
 - 1s - loss: -8.3899e-01 - classifier_loss: 0.3962 - adversary_loss: -8.3899e-01
Epoch 172/200
 - 1s - loss: -8.3876e-01 - classifier_loss: 0.3961 - adversary_loss: -8.3876e-01
Epoch 173/200
 - 1s - loss: -8.3898e-01 - classifier_loss: 0.3961 - adversary_loss: -8.3898e-01
Epoch 174/200
 - 1s - loss: -8.3879e-01 - classifier_loss: 0.3962 - adversary_loss: -8.3879e-01
Epoch 175/200
 - 1s - loss: -8.3885e-01 - classifier_loss: 0.3962 - adversary_loss: -8.3885e-01
Epoch 176/200
 - 1s - loss: -8.3870e-01 - classifier_loss: 0.3964 - adversary_loss: -8.3870e-01
Epoch 177/200
 - 1s - loss: -8.3885e-01 - classifier_loss: 0.3960 - adversary_loss: -8.3885e-01
Epoch 178/200
 - 1s - loss: -8.3899e-01 - classifier_loss: 0.3962 - adversary_loss: -8.3899e-01
Epoch 179/200
 - 1s - loss: -8.3898e-01 - classifier_loss: 0.3961 - adversary_loss: -8.3898e-01
Epoch 180/200
 - 1s - loss: -8.3895e-01 - classifier_loss: 0.3961 - adversary_loss: -8.3895e-01
Epoch 181/200
 - 1s - loss: -8.3909e-01 - classifier_loss: 0.3961 - adversary_loss: -8.3909e-01
Epoch 182/200
 - 1s - loss: -8.3899e-01 - classifier_loss: 0.3963 - adversary_loss: -8.3899e-01
Epoch 183/200
 - 1s - loss: -8.3897e-01 - classifier_loss: 0.3961 - adversary_loss: -8.3897e-01
Epoch 184/200
 - 1s - loss: -8.3909e-01 - classifier_loss: 0.3967 - adversary_loss: -8.3909e-01
Epoch 185/200
 - 1s - loss: -8.3887e-01 - classifier_loss: 0.3961 - adversary_loss: -8.3887e-01
Epoch 186/200
 - 1s - loss: -8.3891e-01 - classifier_loss: 0.3960 - adversary_loss: -8.3891e-01
Epoch 187/200
 - 1s - loss: -8.3871e-01 - classifier_loss: 0.3963 - adversary_loss: -8.3871e-01
Epoch 188/200
 - 1s - loss: -8.3887e-01 - classifier_loss: 0.3963 - adversary_loss: -8.3887e-01
Epoch 189/200
 - 1s - loss: -8.3864e-01 - classifier_loss: 0.3964 - adversary_loss: -8.3864e-01
Epoch 190/200
 - 1s - loss: -8.3887e-01 - classifier_loss: 0.3963 - adversary_loss: -8.3887e-01
Epoch 191/200
 - 1s - loss: -8.3880e-01 - classifier_loss: 0.3961 - adversary_loss: -8.3880e-01
Epoch 192/200
 - 1s - loss: -8.3888e-01 - classifier_loss: 0.3963 - adversary_loss: -8.3888e-01
Epoch 193/200
 - 1s - loss: -8.3872e-01 - classifier_loss: 0.3964 - adversary_loss: -8.3872e-01
Epoch 194/200
 - 1s - loss: -8.3903e-01 - classifier_loss: 0.3964 - adversary_loss: -8.3903e-01
Epoch 195/200
 - 1s - loss: -8.3900e-01 - classifier_loss: 0.3962 - adversary_loss: -8.3900e-01
Epoch 196/200
 - 1s - loss: -8.3894e-01 - classifier_loss: 0.3961 - adversary_loss: -8.3894e-01
Epoch 197/200
 - 1s - loss: -8.3890e-01 - classifier_loss: 0.3958 - adversary_loss: -8.3890e-01
Epoch 198/200
 - 1s - loss: -8.3922e-01 - classifier_loss: 0.3964 - adversary_loss: -8.3922e-01
Epoch 199/200
 - 1s - loss: -8.3887e-01 - classifier_loss: 0.3963 - adversary_loss: -8.3887e-01
Epoch 200/200
 - 1s - loss: -8.3900e-01 - classifier_loss: 0.3963 - adversary_loss: -8.3900e-01
[38;2;74;176;245m[1mProfile[0m ⏱  ·· Time elapsed in [1mCombined adversarial fit, full[0m: ........... [1m299.4s[0m
[38;2;74;176;245m[1mProfile[0m ⏱  Time elapsed in [1m@main[0m: ....................................... [1m609.9s[0m
