GPU 0: Tesla V100-SXM2-32GB (UUID: GPU-d7e1810a-ffb6-a870-0659-61954ae9ba53)
Allocate GPU cards : 0
🚨  [0;38;5;196mGPU mode requested. Make sure you have Cuda/CuDNN installed[0m
🎃  [0;38;5;208mActivating conda environment 'adversarial-gpu' on local platform[0m
pwd:  /hpcfs/bes/mlgpu/gang/adversarial
[38;2;74;176;245m[1mProfile[0m ⏱  Starting [1m@main[0m
[38;2;74;176;245m[1mProfile[0m ⏱  ·· Starting [1mInitialisation[0m
[38;2;74;176;245m[1mProfile[0m ⏱  ···· Starting [1m@initialise[0m
[38;2;74;176;245m[1mProfile[0m ⏱  ···· Time elapsed in [1m@initialise[0m: .............................. [1m0.0s[0m
[38;2;74;176;245m[1mProfile[0m ⏱  ···· Starting [1m@initialise_backend[0m
[38;2;74;176;245m[1mProfile[0m ⏱  ······ Starting [1m@configure_tensorflow[0m
[38;2;74;176;245m[1mProfile[0m ⏱  ······ Time elapsed in [1m@configure_tensorflow[0m: ................. [1m22.8s[0m
[38;2;74;176;245m[1mProfile[0m ⏱  ···· Time elapsed in [1m@initialise_backend[0m: ..................... [1m23.3s[0m
{'config': './configs/default_disco_lambda5.json',
 'devices': 1,
 'folds': 3,
 'gpu': True,
 'input': './input/',
 'jobname': '',
 'mode': 'gpu',
 'optimise_adversarial': False,
 'optimise_classifier': False,
 'output': './output/',
 'patches': [],
 'tensorboard': False,
 'theano': False,
 'train': False,
 'train_adversarial': False,
 'train_classifier': True,
 'verbose': True}
{u'classifier': {u'compile': {u'loss': None,
                              u'optimizer': <keras.optimizers.Adam object at 0x2aaee346e950>},
                 u'fit': {u'batch_size': 8192,
                          u'epochs': 200,
                          u'shuffle': True,
                          'verbose': 2},
                 u'lambda_reg': 5.0,
                 u'model': {u'architecture': [{}, {}, {}],
                            u'default': {u'activation': u'relu',
                                         u'batchnorm': True,
                                         u'units': 64}}}}
  TensorFlow version: 1.4.1
[38;2;74;176;245m[1mProfile[0m ⏱  ·· Time elapsed in [1mInitialisation[0m: ............................ [1m23.4s[0m
[38;2;74;176;245m[1mProfile[0m ⏱  ·· Starting [1m@load_data[0m
[38;2;74;176;245m[1mProfile[0m ⏱  ·· Time elapsed in [1m@load_data[0m: ................................ [1m20.1s[0m
lambda_reg =  5.0
lambda_str =  5
[38;2;74;176;245m[1mProfile[0m ⏱  ·· Starting [1m@get_decorrelation_variables[0m
[38;2;74;176;245m[1mProfile[0m ⏱  ·· Time elapsed in [1m@get_decorrelation_variables[0m: ............... [1m0.0s[0m
[38;2;74;176;245m[1mProfile[0m ⏱  ·· Starting [1mClassifier-only fit, cross-validation[0m
[38;2;74;176;245m[1mProfile[0m ⏱  ·· Time elapsed in [1mClassifier-only fit, cross-validation[0m: ...... [1m0.0s[0m
[38;2;74;176;245m[1mProfile[0m ⏱  ·· Starting [1mClassifier-only fit, full[0m
y_true_tmp =  Tensor("classifier/output_target:0", shape=(?, ?), dtype=float32)
X_in shape:  (?, 1)
Y_in shape:  (?, 1)
var_1 shape:  (?,)
var_2 shape:  (?,)
Main X shape: (335405, 10)
Main Y shape: (335405, 2)
Epoch 1/200
 - 182s - loss: 0.8115
Epoch 2/200
 - 1s - loss: 0.6576
Epoch 3/200
 - 1s - loss: 0.5954
Epoch 4/200
 - 1s - loss: 0.5676
Epoch 5/200
 - 1s - loss: 0.5524
Epoch 6/200
 - 1s - loss: 0.5416
Epoch 7/200
 - 1s - loss: 0.5357
Epoch 8/200
 - 1s - loss: 0.5304
Epoch 9/200
 - 1s - loss: 0.5264
Epoch 10/200
 - 1s - loss: 0.5232
Epoch 11/200
 - 1s - loss: 0.5206
Epoch 12/200
 - 1s - loss: 0.5183
Epoch 13/200
 - 1s - loss: 0.5158
Epoch 14/200
 - 1s - loss: 0.5139
Epoch 15/200
 - 1s - loss: 0.5125
Epoch 16/200
 - 1s - loss: 0.5112
Epoch 17/200
 - 1s - loss: 0.5090
Epoch 18/200
 - 1s - loss: 0.5084
Epoch 19/200
 - 1s - loss: 0.5074
Epoch 20/200
 - 1s - loss: 0.5065
Epoch 21/200
 - 1s - loss: 0.5052
Epoch 22/200
 - 1s - loss: 0.5039
Epoch 23/200
 - 1s - loss: 0.5033
Epoch 24/200
 - 1s - loss: 0.5022
Epoch 25/200
 - 1s - loss: 0.5015
Epoch 26/200
 - 1s - loss: 0.5008
Epoch 27/200
 - 1s - loss: 0.5000
Epoch 28/200
 - 1s - loss: 0.4994
Epoch 29/200
 - 1s - loss: 0.4984
Epoch 30/200
 - 1s - loss: 0.4983
Epoch 31/200
 - 1s - loss: 0.4974
Epoch 32/200
 - 1s - loss: 0.4969
Epoch 33/200
 - 1s - loss: 0.4966
Epoch 34/200
 - 1s - loss: 0.4962
Epoch 35/200
 - 1s - loss: 0.4956
Epoch 36/200
 - 1s - loss: 0.4954
Epoch 37/200
 - 1s - loss: 0.4948
Epoch 38/200
 - 1s - loss: 0.4947
Epoch 39/200
 - 1s - loss: 0.4938
Epoch 40/200
 - 1s - loss: 0.4935
Epoch 41/200
 - 1s - loss: 0.4930
Epoch 42/200
 - 1s - loss: 0.4928
Epoch 43/200
 - 1s - loss: 0.4928
Epoch 44/200
 - 1s - loss: 0.4920
Epoch 45/200
 - 1s - loss: 0.4920
Epoch 46/200
 - 1s - loss: 0.4918
Epoch 47/200
 - 1s - loss: 0.4917
Epoch 48/200
 - 1s - loss: 0.4911
Epoch 49/200
 - 1s - loss: 0.4908
Epoch 50/200
 - 1s - loss: 0.4906
Epoch 51/200
 - 1s - loss: 0.4898
Epoch 52/200
 - 1s - loss: 0.4897
Epoch 53/200
 - 1s - loss: 0.4901
Epoch 54/200
 - 1s - loss: 0.4890
Epoch 55/200
 - 1s - loss: 0.4892
Epoch 56/200
 - 1s - loss: 0.4889
Epoch 57/200
 - 1s - loss: 0.4892
Epoch 58/200
 - 1s - loss: 0.4889
Epoch 59/200
 - 1s - loss: 0.4886
Epoch 60/200
 - 1s - loss: 0.4883
Epoch 61/200
 - 1s - loss: 0.4880
Epoch 62/200
 - 1s - loss: 0.4880
Epoch 63/200
 - 1s - loss: 0.4878
Epoch 64/200
 - 1s - loss: 0.4876
Epoch 65/200
 - 1s - loss: 0.4868
Epoch 66/200
 - 1s - loss: 0.4869
Epoch 67/200
 - 1s - loss: 0.4871
Epoch 68/200
 - 1s - loss: 0.4867
Epoch 69/200
 - 1s - loss: 0.4867
Epoch 70/200
 - 1s - loss: 0.4863
Epoch 71/200
 - 1s - loss: 0.4863
Epoch 72/200
 - 1s - loss: 0.4860
Epoch 73/200
 - 1s - loss: 0.4859
Epoch 74/200
 - 1s - loss: 0.4854
Epoch 75/200
 - 1s - loss: 0.4859
Epoch 76/200
 - 1s - loss: 0.4859
Epoch 77/200
 - 1s - loss: 0.4852
Epoch 78/200
 - 1s - loss: 0.4852
Epoch 79/200
 - 1s - loss: 0.4852
Epoch 80/200
 - 1s - loss: 0.4847
Epoch 81/200
 - 1s - loss: 0.4848
Epoch 82/200
 - 1s - loss: 0.4846
Epoch 83/200
 - 1s - loss: 0.4845
Epoch 84/200
 - 1s - loss: 0.4844
Epoch 85/200
 - 1s - loss: 0.4839
Epoch 86/200
 - 1s - loss: 0.4839
Epoch 87/200
 - 1s - loss: 0.4838
Epoch 88/200
 - 1s - loss: 0.4845
Epoch 89/200
 - 1s - loss: 0.4836
Epoch 90/200
 - 1s - loss: 0.4839
Epoch 91/200
 - 1s - loss: 0.4832
Epoch 92/200
 - 1s - loss: 0.4836
Epoch 93/200
 - 1s - loss: 0.4836
Epoch 94/200
 - 1s - loss: 0.4837
Epoch 95/200
 - 1s - loss: 0.4833
Epoch 96/200
 - 1s - loss: 0.4829
Epoch 97/200
 - 1s - loss: 0.4832
Epoch 98/200
 - 1s - loss: 0.4827
Epoch 99/200
 - 1s - loss: 0.4827
Epoch 100/200
 - 1s - loss: 0.4825
Epoch 101/200
 - 1s - loss: 0.4824
Epoch 102/200
 - 1s - loss: 0.4822
Epoch 103/200
 - 1s - loss: 0.4818
Epoch 104/200
 - 1s - loss: 0.4819
Epoch 105/200
 - 1s - loss: 0.4819
Epoch 106/200
 - 1s - loss: 0.4818
Epoch 107/200
 - 1s - loss: 0.4823
Epoch 108/200
 - 1s - loss: 0.4819
Epoch 109/200
 - 1s - loss: 0.4818
Epoch 110/200
 - 1s - loss: 0.4815
Epoch 111/200
 - 1s - loss: 0.4816
Epoch 112/200
 - 1s - loss: 0.4815
Epoch 113/200
 - 1s - loss: 0.4812
Epoch 114/200
 - 1s - loss: 0.4816
Epoch 115/200
 - 1s - loss: 0.4810
Epoch 116/200
 - 1s - loss: 0.4810
Epoch 117/200
 - 1s - loss: 0.4813
Epoch 118/200
 - 1s - loss: 0.4804
Epoch 119/200
 - 1s - loss: 0.4810
Epoch 120/200
 - 1s - loss: 0.4806
Epoch 121/200
 - 1s - loss: 0.4811
Epoch 122/200
 - 1s - loss: 0.4803
Epoch 123/200
 - 1s - loss: 0.4800
Epoch 124/200
 - 1s - loss: 0.4805
Epoch 125/200
 - 1s - loss: 0.4803
Epoch 126/200
 - 1s - loss: 0.4801
Epoch 127/200
 - 1s - loss: 0.4803
Epoch 128/200
 - 1s - loss: 0.4799
Epoch 129/200
 - 1s - loss: 0.4803
Epoch 130/200
 - 1s - loss: 0.4797
Epoch 131/200
 - 1s - loss: 0.4797
Epoch 132/200
 - 1s - loss: 0.4799
Epoch 133/200
 - 1s - loss: 0.4796
Epoch 134/200
 - 1s - loss: 0.4796
Epoch 135/200
 - 1s - loss: 0.4797
Epoch 136/200
 - 1s - loss: 0.4794
Epoch 137/200
 - 1s - loss: 0.4797
Epoch 138/200
 - 1s - loss: 0.4796
Epoch 139/200
 - 1s - loss: 0.4797
Epoch 140/200
 - 1s - loss: 0.4790
Epoch 141/200
 - 1s - loss: 0.4789
Epoch 142/200
 - 1s - loss: 0.4791
Epoch 143/200
 - 1s - loss: 0.4792
Epoch 144/200
 - 1s - loss: 0.4788
Epoch 145/200
 - 1s - loss: 0.4791
Epoch 146/200
 - 1s - loss: 0.4787
Epoch 147/200
 - 1s - loss: 0.4788
Epoch 148/200
 - 1s - loss: 0.4785
Epoch 149/200
 - 1s - loss: 0.4789
Epoch 150/200
 - 1s - loss: 0.4785
Epoch 151/200
 - 1s - loss: 0.4786
Epoch 152/200
 - 1s - loss: 0.4786
Epoch 153/200
 - 1s - loss: 0.4785
Epoch 154/200
 - 1s - loss: 0.4783
Epoch 155/200
 - 1s - loss: 0.4781
Epoch 156/200
 - 1s - loss: 0.4785
Epoch 157/200
 - 1s - loss: 0.4779
Epoch 158/200
 - 1s - loss: 0.4784
Epoch 159/200
 - 1s - loss: 0.4784
Epoch 160/200
 - 1s - loss: 0.4783
Epoch 161/200
 - 1s - loss: 0.4781
Epoch 162/200
 - 1s - loss: 0.4778
Epoch 163/200
 - 1s - loss: 0.4778
Epoch 164/200
 - 1s - loss: 0.4779
Epoch 165/200
 - 1s - loss: 0.4776
Epoch 166/200
 - 1s - loss: 0.4783
Epoch 167/200
 - 1s - loss: 0.4774
Epoch 168/200
 - 1s - loss: 0.4777
Epoch 169/200
 - 1s - loss: 0.4772
Epoch 170/200
 - 1s - loss: 0.4777
Epoch 171/200
 - 1s - loss: 0.4775
Epoch 172/200
 - 1s - loss: 0.4773
Epoch 173/200
 - 1s - loss: 0.4778
Epoch 174/200
 - 1s - loss: 0.4772
Epoch 175/200
 - 1s - loss: 0.4773
Epoch 176/200
 - 1s - loss: 0.4770
Epoch 177/200
 - 1s - loss: 0.4774
Epoch 178/200
 - 1s - loss: 0.4776
Epoch 179/200
 - 1s - loss: 0.4766
Epoch 180/200
 - 1s - loss: 0.4771
Epoch 181/200
 - 1s - loss: 0.4772
Epoch 182/200
 - 1s - loss: 0.4770
Epoch 183/200
 - 1s - loss: 0.4769
Epoch 184/200
 - 1s - loss: 0.4770
Epoch 185/200
 - 1s - loss: 0.4767
Epoch 186/200
 - 1s - loss: 0.4767
Epoch 187/200
 - 1s - loss: 0.4765
Epoch 188/200
 - 1s - loss: 0.4766
Epoch 189/200
 - 1s - loss: 0.4766
Epoch 190/200
 - 1s - loss: 0.4766
Epoch 191/200
 - 1s - loss: 0.4766
Epoch 192/200
 - 1s - loss: 0.4763
Epoch 193/200
 - 1s - loss: 0.4770
Epoch 194/200
 - 1s - loss: 0.4764
Epoch 195/200
 - 1s - loss: 0.4763
Epoch 196/200
 - 1s - loss: 0.4766
Epoch 197/200
 - 1s - loss: 0.4761
Epoch 198/200
 - 1s - loss: 0.4768
Epoch 199/200
 - 1s - loss: 0.4761
Epoch 200/200
 - 1s - loss: 0.4762
[38;2;74;176;245m[1mProfile[0m ⏱  ·· Time elapsed in [1mClassifier-only fit, full[0m: ................ [1m358.1s[0m
[38;2;74;176;245m[1mProfile[0m ⏱  Time elapsed in [1m@main[0m: ....................................... [1m401.8s[0m
