GPU 0: Tesla V100-SXM2-32GB (UUID: GPU-5503aacc-1f42-0277-c6f4-81495e6ac4fe)
Allocate GPU cards : 0
🚨  [0;38;5;196mGPU mode requested. Make sure you have Cuda/CuDNN installed[0m
🎃  [0;38;5;208mActivating conda environment 'adversarial-gpu' on local platform[0m
pwd:  /hpcfs/bes/mlgpu/gang/adversarial
[38;2;74;176;245m[1mProfile[0m ⏱  Starting [1m@main[0m
[38;2;74;176;245m[1mProfile[0m ⏱  ·· Starting [1mInitialisation[0m
[38;2;74;176;245m[1mProfile[0m ⏱  ···· Starting [1m@initialise[0m
[38;2;74;176;245m[1mProfile[0m ⏱  ···· Time elapsed in [1m@initialise[0m: .............................. [1m0.0s[0m
[38;2;74;176;245m[1mProfile[0m ⏱  ···· Starting [1m@initialise_backend[0m
[38;2;74;176;245m[1mProfile[0m ⏱  ······ Starting [1m@configure_tensorflow[0m
[38;2;74;176;245m[1mProfile[0m ⏱  ······ Time elapsed in [1m@configure_tensorflow[0m: ................. [1m44.5s[0m
[38;2;74;176;245m[1mProfile[0m ⏱  ···· Time elapsed in [1m@initialise_backend[0m: ..................... [1m47.5s[0m
{'config': './configs/default_disco_lambda1.json',
 'devices': 1,
 'folds': 3,
 'gpu': True,
 'input': './input/',
 'jobname': '',
 'mode': 'gpu',
 'optimise_adversarial': False,
 'optimise_classifier': False,
 'output': './output/',
 'patches': [],
 'tensorboard': False,
 'theano': False,
 'train': False,
 'train_adversarial': False,
 'train_classifier': True,
 'verbose': True}
{u'classifier': {u'compile': {u'loss': None,
                              u'optimizer': <keras.optimizers.Adam object at 0x2ae7f7f52d50>},
                 u'fit': {u'batch_size': 2048,
                          u'epochs': 200,
                          u'shuffle': True,
                          'verbose': 2},
                 u'lambda_reg': 1.0,
                 u'model': {u'architecture': [{}, {}, {}],
                            u'default': {u'activation': u'relu',
                                         u'batchnorm': True,
                                         u'units': 64}}}}
  TensorFlow version: 1.4.1
[38;2;74;176;245m[1mProfile[0m ⏱  ·· Time elapsed in [1mInitialisation[0m: ............................ [1m47.9s[0m
[38;2;74;176;245m[1mProfile[0m ⏱  ·· Starting [1m@load_data[0m
[38;2;74;176;245m[1mProfile[0m ⏱  ·· Time elapsed in [1m@load_data[0m: ................................ [1m18.2s[0m
lambda_reg =  1.0
lambda_str =  1
[38;2;74;176;245m[1mProfile[0m ⏱  ·· Starting [1m@get_decorrelation_variables[0m
[38;2;74;176;245m[1mProfile[0m ⏱  ·· Time elapsed in [1m@get_decorrelation_variables[0m: ............... [1m0.0s[0m
[38;2;74;176;245m[1mProfile[0m ⏱  ·· Starting [1mClassifier-only fit, cross-validation[0m
[38;2;74;176;245m[1mProfile[0m ⏱  ·· Time elapsed in [1mClassifier-only fit, cross-validation[0m: ...... [1m0.0s[0m
[38;2;74;176;245m[1mProfile[0m ⏱  ·· Starting [1mClassifier-only fit, full[0m
y_true_tmp =  Tensor("classifier/output_target:0", shape=(?, ?), dtype=float32)
X_in shape:  (?, 1)
Y_in shape:  (?, 1)
var_1 shape:  (?,)
var_2 shape:  (?,)
Main X shape: (264314, 10)
Main Y shape: (264314, 2)
Epoch 1/200
 - 169s - loss: 0.5324
Epoch 2/200
 - 1s - loss: 0.4148
Epoch 3/200
 - 1s - loss: 0.3932
Epoch 4/200
 - 1s - loss: 0.3811
Epoch 5/200
 - 1s - loss: 0.3727
Epoch 6/200
 - 1s - loss: 0.3661
Epoch 7/200
 - 1s - loss: 0.3615
Epoch 8/200
 - 1s - loss: 0.3577
Epoch 9/200
 - 1s - loss: 0.3544
Epoch 10/200
 - 1s - loss: 0.3519
Epoch 11/200
 - 1s - loss: 0.3491
Epoch 12/200
 - 1s - loss: 0.3478
Epoch 13/200
 - 1s - loss: 0.3458
Epoch 14/200
 - 1s - loss: 0.3442
Epoch 15/200
 - 1s - loss: 0.3431
Epoch 16/200
 - 1s - loss: 0.3419
Epoch 17/200
 - 1s - loss: 0.3412
Epoch 18/200
 - 1s - loss: 0.3403
Epoch 19/200
 - 1s - loss: 0.3393
Epoch 20/200
 - 1s - loss: 0.3385
Epoch 21/200
 - 1s - loss: 0.3378
Epoch 22/200
 - 1s - loss: 0.3372
Epoch 23/200
 - 1s - loss: 0.3368
Epoch 24/200
 - 1s - loss: 0.3357
Epoch 25/200
 - 1s - loss: 0.3354
Epoch 26/200
 - 1s - loss: 0.3349
Epoch 27/200
 - 1s - loss: 0.3344
Epoch 28/200
 - 1s - loss: 0.3343
Epoch 29/200
 - 1s - loss: 0.3340
Epoch 30/200
 - 1s - loss: 0.3335
Epoch 31/200
 - 1s - loss: 0.3329
Epoch 32/200
 - 1s - loss: 0.3326
Epoch 33/200
 - 1s - loss: 0.3327
Epoch 34/200
 - 1s - loss: 0.3319
Epoch 35/200
 - 1s - loss: 0.3316
Epoch 36/200
 - 1s - loss: 0.3314
Epoch 37/200
 - 1s - loss: 0.3312
Epoch 38/200
 - 1s - loss: 0.3309
Epoch 39/200
 - 1s - loss: 0.3307
Epoch 40/200
 - 1s - loss: 0.3306
Epoch 41/200
 - 1s - loss: 0.3301
Epoch 42/200
 - 1s - loss: 0.3302
Epoch 43/200
 - 1s - loss: 0.3300
Epoch 44/200
 - 1s - loss: 0.3298
Epoch 45/200
 - 1s - loss: 0.3294
Epoch 46/200
 - 1s - loss: 0.3294
Epoch 47/200
 - 1s - loss: 0.3291
Epoch 48/200
 - 1s - loss: 0.3290
Epoch 49/200
 - 1s - loss: 0.3291
Epoch 50/200
 - 1s - loss: 0.3287
Epoch 51/200
 - 1s - loss: 0.3287
Epoch 52/200
 - 1s - loss: 0.3288
Epoch 53/200
 - 1s - loss: 0.3286
Epoch 54/200
 - 1s - loss: 0.3282
Epoch 55/200
 - 1s - loss: 0.3282
Epoch 56/200
 - 1s - loss: 0.3281
Epoch 57/200
 - 1s - loss: 0.3278
Epoch 58/200
 - 1s - loss: 0.3280
Epoch 59/200
 - 1s - loss: 0.3277
Epoch 60/200
 - 1s - loss: 0.3276
Epoch 61/200
 - 1s - loss: 0.3275
Epoch 62/200
 - 1s - loss: 0.3276
Epoch 63/200
 - 1s - loss: 0.3275
Epoch 64/200
 - 1s - loss: 0.3271
Epoch 65/200
 - 1s - loss: 0.3271
Epoch 66/200
 - 1s - loss: 0.3271
Epoch 67/200
 - 1s - loss: 0.3270
Epoch 68/200
 - 1s - loss: 0.3272
Epoch 69/200
 - 1s - loss: 0.3268
Epoch 70/200
 - 1s - loss: 0.3268
Epoch 71/200
 - 1s - loss: 0.3267
Epoch 72/200
 - 1s - loss: 0.3266
Epoch 73/200
 - 1s - loss: 0.3264
Epoch 74/200
 - 1s - loss: 0.3262
Epoch 75/200
 - 1s - loss: 0.3264
Epoch 76/200
 - 1s - loss: 0.3265
Epoch 77/200
 - 1s - loss: 0.3260
Epoch 78/200
 - 1s - loss: 0.3261
Epoch 79/200
 - 1s - loss: 0.3261
Epoch 80/200
 - 1s - loss: 0.3260
Epoch 81/200
 - 1s - loss: 0.3263
Epoch 82/200
 - 1s - loss: 0.3258
Epoch 83/200
 - 1s - loss: 0.3258
Epoch 84/200
 - 1s - loss: 0.3258
Epoch 85/200
 - 1s - loss: 0.3257
Epoch 86/200
 - 1s - loss: 0.3259
Epoch 87/200
 - 1s - loss: 0.3254
Epoch 88/200
 - 1s - loss: 0.3256
Epoch 89/200
 - 1s - loss: 0.3257
Epoch 90/200
 - 1s - loss: 0.3256
Epoch 91/200
 - 1s - loss: 0.3255
Epoch 92/200
 - 1s - loss: 0.3252
Epoch 93/200
 - 1s - loss: 0.3254
Epoch 94/200
 - 1s - loss: 0.3252
Epoch 95/200
 - 1s - loss: 0.3253
Epoch 96/200
 - 1s - loss: 0.3250
Epoch 97/200
 - 1s - loss: 0.3255
Epoch 98/200
 - 1s - loss: 0.3252
Epoch 99/200
 - 1s - loss: 0.3251
Epoch 100/200
 - 1s - loss: 0.3250
Epoch 101/200
 - 1s - loss: 0.3251
Epoch 102/200
 - 1s - loss: 0.3248
Epoch 103/200
 - 1s - loss: 0.3248
Epoch 104/200
 - 1s - loss: 0.3251
Epoch 105/200
 - 1s - loss: 0.3248
Epoch 106/200
 - 1s - loss: 0.3249
Epoch 107/200
 - 1s - loss: 0.3249
Epoch 108/200
 - 1s - loss: 0.3246
Epoch 109/200
 - 1s - loss: 0.3245
Epoch 110/200
 - 1s - loss: 0.3244
Epoch 111/200
 - 1s - loss: 0.3246
Epoch 112/200
 - 1s - loss: 0.3246
Epoch 113/200
 - 1s - loss: 0.3245
Epoch 114/200
 - 1s - loss: 0.3243
Epoch 115/200
 - 1s - loss: 0.3246
Epoch 116/200
 - 1s - loss: 0.3244
Epoch 117/200
 - 1s - loss: 0.3248
Epoch 118/200
 - 1s - loss: 0.3244
Epoch 119/200
 - 1s - loss: 0.3241
Epoch 120/200
 - 1s - loss: 0.3246
Epoch 121/200
 - 1s - loss: 0.3243
Epoch 122/200
 - 1s - loss: 0.3242
Epoch 123/200
 - 1s - loss: 0.3243
Epoch 124/200
 - 1s - loss: 0.3242
Epoch 125/200
 - 1s - loss: 0.3242
Epoch 126/200
 - 1s - loss: 0.3242
Epoch 127/200
 - 1s - loss: 0.3242
Epoch 128/200
 - 1s - loss: 0.3243
Epoch 129/200
 - 1s - loss: 0.3241
Epoch 130/200
 - 1s - loss: 0.3241
Epoch 131/200
 - 1s - loss: 0.3243
Epoch 132/200
 - 1s - loss: 0.3240
Epoch 133/200
 - 1s - loss: 0.3242
Epoch 134/200
 - 1s - loss: 0.3239
Epoch 135/200
 - 1s - loss: 0.3240
Epoch 136/200
 - 1s - loss: 0.3239
Epoch 137/200
 - 1s - loss: 0.3239
Epoch 138/200
 - 1s - loss: 0.3236
Epoch 139/200
 - 1s - loss: 0.3239
Epoch 140/200
 - 1s - loss: 0.3239
Epoch 141/200
 - 1s - loss: 0.3236
Epoch 142/200
 - 1s - loss: 0.3236
Epoch 143/200
 - 1s - loss: 0.3241
Epoch 144/200
 - 1s - loss: 0.3236
Epoch 145/200
 - 1s - loss: 0.3236
Epoch 146/200
 - 1s - loss: 0.3237
Epoch 147/200
 - 1s - loss: 0.3236
Epoch 148/200
 - 1s - loss: 0.3237
Epoch 149/200
 - 1s - loss: 0.3235
Epoch 150/200
 - 1s - loss: 0.3238
Epoch 151/200
 - 1s - loss: 0.3236
Epoch 152/200
 - 1s - loss: 0.3236
Epoch 153/200
 - 1s - loss: 0.3236
Epoch 154/200
 - 1s - loss: 0.3239
Epoch 155/200
 - 1s - loss: 0.3232
Epoch 156/200
 - 1s - loss: 0.3234
Epoch 157/200
 - 1s - loss: 0.3236
Epoch 158/200
 - 1s - loss: 0.3234
Epoch 159/200
 - 1s - loss: 0.3235
Epoch 160/200
 - 1s - loss: 0.3235
Epoch 161/200
 - 1s - loss: 0.3235
Epoch 162/200
 - 1s - loss: 0.3235
Epoch 163/200
 - 1s - loss: 0.3232
Epoch 164/200
 - 1s - loss: 0.3233
Epoch 165/200
 - 1s - loss: 0.3230
Epoch 166/200
 - 1s - loss: 0.3234
Epoch 167/200
 - 1s - loss: 0.3232
Epoch 168/200
 - 1s - loss: 0.3232
Epoch 169/200
 - 1s - loss: 0.3229
Epoch 170/200
 - 1s - loss: 0.3232
Epoch 171/200
 - 1s - loss: 0.3233
Epoch 172/200
 - 1s - loss: 0.3230
Epoch 173/200
 - 1s - loss: 0.3231
Epoch 174/200
 - 1s - loss: 0.3231
Epoch 175/200
 - 1s - loss: 0.3233
Epoch 176/200
 - 1s - loss: 0.3231
Epoch 177/200
 - 1s - loss: 0.3232
Epoch 178/200
 - 1s - loss: 0.3231
Epoch 179/200
 - 1s - loss: 0.3231
Epoch 180/200
 - 1s - loss: 0.3229
Epoch 181/200
 - 1s - loss: 0.3231
Epoch 182/200
 - 1s - loss: 0.3231
Epoch 183/200
 - 1s - loss: 0.3229
Epoch 184/200
 - 1s - loss: 0.3231
Epoch 185/200
 - 1s - loss: 0.3230
Epoch 186/200
 - 1s - loss: 0.3229
Epoch 187/200
 - 1s - loss: 0.3232
Epoch 188/200
 - 1s - loss: 0.3229
Epoch 189/200
 - 1s - loss: 0.3229
Epoch 190/200
 - 1s - loss: 0.3225
Epoch 191/200
 - 1s - loss: 0.3229
Epoch 192/200
 - 1s - loss: 0.3230
Epoch 193/200
 - 1s - loss: 0.3226
Epoch 194/200
 - 1s - loss: 0.3229
Epoch 195/200
 - 1s - loss: 0.3231
Epoch 196/200
 - 1s - loss: 0.3230
Epoch 197/200
 - 1s - loss: 0.3226
Epoch 198/200
 - 1s - loss: 0.3229
Epoch 199/200
 - 1s - loss: 0.3229
Epoch 200/200
 - 1s - loss: 0.3231
[38;2;74;176;245m[1mProfile[0m ⏱  ·· Time elapsed in [1mClassifier-only fit, full[0m: ................ [1m457.4s[0m
[38;2;74;176;245m[1mProfile[0m ⏱  Time elapsed in [1m@main[0m: ....................................... [1m523.7s[0m
