GPU 0: Tesla V100-SXM2-32GB (UUID: GPU-d25e6ff8-90aa-dcb5-7ab2-062621029fae)
Allocate GPU cards : 0
🚨  [0;38;5;196mGPU mode requested. Make sure you have Cuda/CuDNN installed[0m
🎃  [0;38;5;208mActivating conda environment 'adversarial-gpu' on local platform[0m
pwd:  /hpcfs/bes/mlgpu/gang/adversarial
[38;2;74;176;245m[1mProfile[0m ⏱  Starting [1m@main[0m
[38;2;74;176;245m[1mProfile[0m ⏱  ·· Starting [1mInitialisation[0m
[38;2;74;176;245m[1mProfile[0m ⏱  ···· Starting [1m@initialise[0m
[38;2;74;176;245m[1mProfile[0m ⏱  ···· Time elapsed in [1m@initialise[0m: .............................. [1m0.0s[0m
[38;2;74;176;245m[1mProfile[0m ⏱  ···· Starting [1m@initialise_backend[0m
[38;2;74;176;245m[1mProfile[0m ⏱  ······ Starting [1m@configure_tensorflow[0m
[38;2;74;176;245m[1mProfile[0m ⏱  ······ Time elapsed in [1m@configure_tensorflow[0m: .................. [1m2.0s[0m
[38;2;74;176;245m[1mProfile[0m ⏱  ···· Time elapsed in [1m@initialise_backend[0m: ...................... [1m2.2s[0m
{'config': './configs/default_disco.json',
 'devices': 1,
 'folds': 3,
 'gpu': True,
 'input': './input/',
 'jobname': '',
 'mode': 'gpu',
 'optimise_adversarial': False,
 'optimise_classifier': False,
 'output': './output/',
 'patches': [],
 'tensorboard': False,
 'theano': False,
 'train': False,
 'train_adversarial': False,
 'train_classifier': True,
 'verbose': True}
{u'adversary': {u'compile': {},
                u'fit': {},
                u'model': {u'architecture': [{}],
                           u'default': {u'activation': u'relu',
                                        u'units': 64},
                           u'gmm_components': 20}},
 u'classifier': {u'compile': {u'loss': None,
                              u'optimizer': <keras.optimizers.Adam object at 0x2b7fffcef9d0>},
                 u'fit': {u'batch_size': 6000,
                          u'epochs': 200,
                          u'shuffle': True,
                          'verbose': 2},
                 u'model': {u'architecture': [{}, {}, {}],
                            u'default': {u'activation': u'relu',
                                         u'batchnorm': True,
                                         u'units': 64}}},
 u'combined': {u'compile': {u'loss': [u'binary_crossentropy', None],
                            u'loss_weights': [1.818181818181818e-08, 1.0],
                            u'optimizer': <keras.optimizers.Adam object at 0x2b7fffcefa10>},
               u'fit': {u'batch_size': 6000,
                        u'epochs': 200,
                        u'shuffle': True},
               u'model': {u'lambda_reg': 10.0,
                          u'lr_ratio': 1.818181818181818e-08},
               u'pretrain': 10}}
  TensorFlow version: 1.4.1
[38;2;74;176;245m[1mProfile[0m ⏱  ·· Time elapsed in [1mInitialisation[0m: ............................. [1m2.3s[0m
[38;2;74;176;245m[1mProfile[0m ⏱  ·· Starting [1m@load_data[0m
[38;2;74;176;245m[1mProfile[0m ⏱  ·· Time elapsed in [1m@load_data[0m: ................................ [1m25.8s[0m
[38;2;74;176;245m[1mProfile[0m ⏱  ·· Starting [1m@get_decorrelation_variables[0m
[38;2;74;176;245m[1mProfile[0m ⏱  ·· Time elapsed in [1m@get_decorrelation_variables[0m: ............... [1m0.0s[0m
[38;2;74;176;245m[1mProfile[0m ⏱  ·· Starting [1mClassifier-only fit, full[0m
x_in =  Tensor("classifier/input:0", shape=(?, 11), dtype=float32)
X shape:  (?, 1)
Y shape:  (?, 1)
LX :  Tensor("loss/classifier/output_loss/strided_slice:0", shape=(), dtype=int32)
LY :  Tensor("loss/classifier/output_loss/strided_slice_1:0", shape=(), dtype=int32)
X shape:  (?, 1)
Y shape:  (?, 1)
ajk shape:  (?, ?)
bjk shape:  (?, ?)
Ajk shape:  (?, ?)
Bjk shape:  (?, ?)
Main X shape: (2000000, 11)
Main Y shape: (2000000,)
Main M shape: (2000000,)
Epoch 1/200
 - 184s - loss: 0.5580
Epoch 2/200
 - 8s - loss: 0.5233
Epoch 3/200
 - 8s - loss: 0.5180
Epoch 4/200
 - 8s - loss: 0.5155
Epoch 5/200
 - 8s - loss: 0.5135
Epoch 6/200
 - 8s - loss: 0.5120
Epoch 7/200
 - 8s - loss: 0.5110
Epoch 8/200
 - 8s - loss: 0.5102
Epoch 9/200
 - 8s - loss: 0.5092
Epoch 10/200
 - 8s - loss: 0.5088
Epoch 11/200
 - 8s - loss: 0.5083
Epoch 12/200
 - 8s - loss: 0.5074
Epoch 13/200
 - 8s - loss: 0.5069
Epoch 14/200
 - 8s - loss: 0.5064
Epoch 15/200
 - 8s - loss: 0.5064
Epoch 16/200
 - 8s - loss: 0.5057
Epoch 17/200
 - 8s - loss: 0.5052
Epoch 18/200
 - 8s - loss: 0.5048
Epoch 19/200
 - 8s - loss: 0.5046
Epoch 20/200
 - 8s - loss: 0.5040
Epoch 21/200
 - 8s - loss: 0.5038
Epoch 22/200
 - 8s - loss: 0.5036
Epoch 23/200
 - 8s - loss: 0.5033
Epoch 24/200
 - 8s - loss: 0.5032
Epoch 25/200
 - 8s - loss: 0.5028
Epoch 26/200
 - 8s - loss: 0.5025
Epoch 27/200
 - 8s - loss: 0.5023
Epoch 28/200
 - 8s - loss: 0.5022
Epoch 29/200
 - 8s - loss: 0.5019
Epoch 30/200
 - 8s - loss: 0.5018
Epoch 31/200
 - 8s - loss: 0.5016
Epoch 32/200
 - 8s - loss: 0.5014
Epoch 33/200
 - 8s - loss: 0.5013
Epoch 34/200
 - 8s - loss: 0.5011
Epoch 35/200
 - 8s - loss: 0.5010
Epoch 36/200
 - 8s - loss: 0.5007
Epoch 37/200
 - 8s - loss: 0.5006
Epoch 38/200
 - 8s - loss: 0.5004
Epoch 39/200
 - 8s - loss: 0.5004
Epoch 40/200
 - 8s - loss: 0.5003
Epoch 41/200
 - 8s - loss: 0.5002
Epoch 42/200
 - 8s - loss: 0.5001
Epoch 43/200
 - 8s - loss: 0.5000
Epoch 44/200
 - 8s - loss: 0.4999
Epoch 45/200
 - 8s - loss: 0.4997
Epoch 46/200
 - 8s - loss: 0.4995
Epoch 47/200
 - 8s - loss: 0.4995
Epoch 48/200
 - 8s - loss: 0.4993
Epoch 49/200
 - 8s - loss: 0.4993
Epoch 50/200
 - 8s - loss: 0.4992
Epoch 51/200
 - 8s - loss: 0.4991
Epoch 52/200
 - 8s - loss: 0.4991
Epoch 53/200
 - 8s - loss: 0.4989
Epoch 54/200
 - 8s - loss: 0.4990
Epoch 55/200
 - 8s - loss: 0.4989
Epoch 56/200
 - 8s - loss: 0.4987
Epoch 57/200
 - 8s - loss: 0.4985
Epoch 58/200
 - 8s - loss: 0.4986
Epoch 59/200
 - 8s - loss: 0.4985
Epoch 60/200
 - 8s - loss: 0.4985
Epoch 61/200
 - 8s - loss: 0.4984
Epoch 62/200
 - 8s - loss: 0.4983
Epoch 63/200
 - 8s - loss: 0.4982
Epoch 64/200
 - 8s - loss: 0.4982
Epoch 65/200
 - 8s - loss: 0.4980
Epoch 66/200
 - 8s - loss: 0.4981
Epoch 67/200
 - 8s - loss: 0.4980
Epoch 68/200
 - 8s - loss: 0.4979
Epoch 69/200
 - 8s - loss: 0.4980
Epoch 70/200
 - 8s - loss: 0.4979
Epoch 71/200
 - 8s - loss: 0.4978
Epoch 72/200
 - 8s - loss: 0.4979
Epoch 73/200
 - 8s - loss: 0.4977
Epoch 74/200
 - 8s - loss: 0.4977
Epoch 75/200
 - 8s - loss: 0.4976
Epoch 76/200
 - 8s - loss: 0.4977
Epoch 77/200
 - 8s - loss: 0.4975
Epoch 78/200
 - 8s - loss: 0.4974
Epoch 79/200
 - 8s - loss: 0.4975
Epoch 80/200
 - 8s - loss: 0.4974
Epoch 81/200
 - 8s - loss: 0.4973
Epoch 82/200
 - 8s - loss: 0.4973
Epoch 83/200
 - 8s - loss: 0.4973
Epoch 84/200
 - 8s - loss: 0.4973
Epoch 85/200
 - 8s - loss: 0.4973
Epoch 86/200
 - 8s - loss: 0.4972
Epoch 87/200
 - 8s - loss: 0.4971
Epoch 88/200
 - 8s - loss: 0.4971
Epoch 89/200
 - 8s - loss: 0.4971
Epoch 90/200
 - 8s - loss: 0.4970
Epoch 91/200
 - 8s - loss: 0.4970
Epoch 92/200
 - 8s - loss: 0.4970
Epoch 93/200
 - 8s - loss: 0.4969
Epoch 94/200
 - 8s - loss: 0.4970
Epoch 95/200
 - 8s - loss: 0.4968
Epoch 96/200
 - 8s - loss: 0.4968
Epoch 97/200
 - 8s - loss: 0.4967
Epoch 98/200
 - 8s - loss: 0.4968
Epoch 99/200
 - 8s - loss: 0.4968
Epoch 100/200
 - 8s - loss: 0.4968
Epoch 101/200
 - 8s - loss: 0.4968
Epoch 102/200
 - 8s - loss: 0.4965
Epoch 103/200
 - 8s - loss: 0.4966
Epoch 104/200
 - 8s - loss: 0.4966
Epoch 105/200
 - 8s - loss: 0.4966
Epoch 106/200
 - 8s - loss: 0.4966
Epoch 107/200
 - 8s - loss: 0.4965
Epoch 108/200
 - 8s - loss: 0.4965
Epoch 109/200
 - 8s - loss: 0.4964
Epoch 110/200
 - 8s - loss: 0.4964
Epoch 111/200
 - 8s - loss: 0.4964
Epoch 112/200
 - 8s - loss: 0.4963
Epoch 113/200
 - 8s - loss: 0.4963
Epoch 114/200
 - 8s - loss: 0.4964
Epoch 115/200
 - 8s - loss: 0.4964
Epoch 116/200
 - 8s - loss: 0.4963
Epoch 117/200
 - 8s - loss: 0.4963
Epoch 118/200
 - 8s - loss: 0.4962
Epoch 119/200
 - 8s - loss: 0.4962
Epoch 120/200
 - 8s - loss: 0.4962
Epoch 121/200
 - 8s - loss: 0.4961
Epoch 122/200
 - 8s - loss: 0.4962
Epoch 123/200
 - 8s - loss: 0.4961
Epoch 124/200
 - 8s - loss: 0.4961
Epoch 125/200
 - 8s - loss: 0.4961
Epoch 126/200
 - 8s - loss: 0.4960
Epoch 127/200
 - 8s - loss: 0.4960
Epoch 128/200
 - 8s - loss: 0.4960
Epoch 129/200
 - 8s - loss: 0.4960
Epoch 130/200
 - 8s - loss: 0.4960
Epoch 131/200
 - 8s - loss: 0.4960
Epoch 132/200
 - 8s - loss: 0.4959
Epoch 133/200
 - 8s - loss: 0.4959
Epoch 134/200
 - 8s - loss: 0.4958
Epoch 135/200
 - 8s - loss: 0.4959
Epoch 136/200
 - 8s - loss: 0.4958
Epoch 137/200
 - 8s - loss: 0.4959
Epoch 138/200
 - 8s - loss: 0.4958
Epoch 139/200
 - 8s - loss: 0.4958
Epoch 140/200
 - 8s - loss: 0.4957
Epoch 141/200
 - 8s - loss: 0.4957
Epoch 142/200
 - 8s - loss: 0.4957
Epoch 143/200
 - 8s - loss: 0.4957
Epoch 144/200
 - 8s - loss: 0.4957
Epoch 145/200
 - 8s - loss: 0.4957
Epoch 146/200
 - 8s - loss: 0.4957
Epoch 147/200
 - 8s - loss: 0.4957
Epoch 148/200
 - 8s - loss: 0.4956
Epoch 149/200
 - 8s - loss: 0.4956
Epoch 150/200
 - 8s - loss: 0.4956
Epoch 151/200
 - 8s - loss: 0.4955
Epoch 152/200
 - 8s - loss: 0.4956
Epoch 153/200
 - 8s - loss: 0.4955
Epoch 154/200
 - 8s - loss: 0.4956
Epoch 155/200
 - 8s - loss: 0.4955
Epoch 156/200
 - 8s - loss: 0.4954
Epoch 157/200
 - 8s - loss: 0.4955
Epoch 158/200
 - 8s - loss: 0.4955
Epoch 159/200
 - 8s - loss: 0.4955
Epoch 160/200
 - 8s - loss: 0.4954
Epoch 161/200
 - 8s - loss: 0.4954
Epoch 162/200
 - 8s - loss: 0.4953
Epoch 163/200
 - 8s - loss: 0.4952
Epoch 164/200
 - 8s - loss: 0.4954
Epoch 165/200
 - 8s - loss: 0.4954
Epoch 166/200
 - 8s - loss: 0.4953
Epoch 167/200
 - 8s - loss: 0.4952
Epoch 168/200
 - 8s - loss: 0.4952
Epoch 169/200
 - 8s - loss: 0.4952
Epoch 170/200
 - 8s - loss: 0.4954
Epoch 171/200
 - 8s - loss: 0.4952
Epoch 172/200
 - 8s - loss: 0.4952
Epoch 173/200
 - 8s - loss: 0.4952
Epoch 174/200
 - 8s - loss: 0.4953
Epoch 175/200
 - 8s - loss: 0.4951
Epoch 176/200
 - 8s - loss: 0.4952
Epoch 177/200
 - 8s - loss: 0.4951
Epoch 178/200
 - 8s - loss: 0.4952
Epoch 179/200
 - 8s - loss: 0.4951
Epoch 180/200
 - 8s - loss: 0.4951
Epoch 181/200
 - 8s - loss: 0.4951
Epoch 182/200
 - 8s - loss: 0.4951
Epoch 183/200
 - 8s - loss: 0.4951
Epoch 184/200
 - 8s - loss: 0.4951
Epoch 185/200
 - 8s - loss: 0.4951
Epoch 186/200
 - 8s - loss: 0.4951
Epoch 187/200
 - 8s - loss: 0.4950
Epoch 188/200
 - 8s - loss: 0.4950
Epoch 189/200
 - 8s - loss: 0.4951
Epoch 190/200
 - 8s - loss: 0.4950
Epoch 191/200
 - 8s - loss: 0.4949
Epoch 192/200
 - 8s - loss: 0.4950
Epoch 193/200
 - 8s - loss: 0.4950
Epoch 194/200
 - 8s - loss: 0.4950
Epoch 195/200
 - 8s - loss: 0.4950
Epoch 196/200
 - 8s - loss: 0.4950
Epoch 197/200
 - 8s - loss: 0.4949
Epoch 198/200
 - 8s - loss: 0.4948
Epoch 199/200
 - 8s - loss: 0.4949
Epoch 200/200
 - 8s - loss: 0.4949
[38;2;74;176;245m[1mProfile[0m ⏱  ·· Time elapsed in [1mClassifier-only fit, full[0m: ............... [1m1786.4s[0m
[38;2;74;176;245m[1mProfile[0m ⏱  Time elapsed in [1m@main[0m: ...................................... [1m1814.8s[0m
